JvmtiExport can_access_local_variables 0
JvmtiExport can_hotswap_or_post_breakpoint 0
JvmtiExport can_post_on_exceptions 0
# 564 ciObject found
ciMethod java/lang/Object <init> ()V 4097 1 2380859 0 0
ciMethod java/lang/Object getClass ()Ljava/lang/Class; 2049 1 256 0 -1
ciMethod java/lang/Object hashCode ()I 2049 1 256 0 -1
ciMethod java/lang/Object equals (Ljava/lang/Object;)Z 2193 1 40023 0 -1
ciMethod java/lang/CharSequence length ()I 0 0 1 0 -1
ciMethod java/lang/CharSequence charAt (I)C 0 0 1 0 -1
ciMethod java/lang/String length ()I 4097 1 642616 0 64
ciMethod java/lang/String charAt (I)C 4097 1 2178917 0 128
ciMethod java/lang/String indexOf (Ljava/lang/String;I)I 2049 1 30797 0 1184
ciMethod java/lang/String indexOf ([CII[CIII)I 873 41081 819 0 1248
ciMethod java/lang/Class isArray ()Z 2049 1 256 0 -1
ciMethod java/lang/System nanoTime ()J 2049 1 256 0 -1
ciMethod java/lang/System arraycopy (Ljava/lang/Object;ILjava/lang/Object;II)V 5121 1 640 0 -1
ciMethod java/lang/System identityHashCode (Ljava/lang/Object;)I 2049 1 256 0 -1
ciMethod java/lang/ref/Reference get ()Ljava/lang/Object; 2049 1 256 0 -1
ciMethod java/lang/ref/Reference <init> (Ljava/lang/Object;)V 3073 1 32954 0 0
ciMethod java/lang/ref/Reference <init> (Ljava/lang/Object;Ljava/lang/ref/ReferenceQueue;)V 2049 1 41572 0 96
ciMethod java/lang/ref/WeakReference <init> (Ljava/lang/Object;)V 2145 1 25052 0 96
ciMethod java/lang/Thread currentThread ()Ljava/lang/Thread; 2049 1 256 0 -1
ciMethod java/util/Map get (Ljava/lang/Object;)Ljava/lang/Object; 0 0 1 0 -1
ciMethod java/util/Map put (Ljava/lang/Object;Ljava/lang/Object;)Ljava/lang/Object; 0 0 1 0 -1
ciMethod java/util/Map remove (Ljava/lang/Object;)Ljava/lang/Object; 0 0 1 0 -1
ciMethod java/lang/AbstractStringBuilder <init> (I)V 1041 1 168185 0 -1
ciMethod java/lang/AbstractStringBuilder ensureCapacityInternal (I)V 2641 1 494790 0 672
ciMethod java/lang/AbstractStringBuilder newCapacity (I)I 689 1 6250 0 160
ciMethod java/lang/AbstractStringBuilder hugeCapacity (I)I 0 0 1 0 -1
ciMethod java/lang/AbstractStringBuilder append (Ljava/lang/CharSequence;II)Ljava/lang/AbstractStringBuilder; 2057 14313 1324 0 1568
ciMethod java/lang/StringBuilder <init> (I)V 369 1 17702 0 256
ciMethod java/lang/StringBuilder append (Ljava/lang/String;)Ljava/lang/StringBuilder; 1601 1 369859 0 -1
ciMethod java/lang/StringBuilder append (Ljava/lang/CharSequence;II)Ljava/lang/StringBuilder; 3097 1 23228 0 0
ciMethod java/lang/StringBuilder append (C)Ljava/lang/StringBuilder; 3177 1 266984 0 -1
ciMethod java/lang/StringBuilder toString ()Ljava/lang/String; 849 1 132824 0 -1
ciMethod sun/misc/Unsafe compareAndSwapLong (Ljava/lang/Object;JJJ)Z 2049 1 256 0 -1
ciMethod sun/misc/Unsafe getAndAddLong (Ljava/lang/Object;JJ)J 2049 1 914 0 -1
ciMethod java/lang/Boolean booleanValue ()Z 1033 1 129 0 -1
ciMethod java/util/Collection size ()I 0 0 1 0 -1
ciMethod java/util/List size ()I 0 0 1 0 -1
ciMethod java/util/List get (I)Ljava/lang/Object; 0 0 1 0 -1
ciMethod java/util/ArrayList size ()I 1025 1 128 0 0
ciMethod java/util/ArrayList elementData (I)Ljava/lang/Object; 11185 1 32650 0 0
ciMethod java/util/ArrayList get (I)Ljava/lang/Object; 1913 1 25230 0 128
ciMethod java/util/ArrayList rangeCheck (I)V 1913 1 31262 0 64
ciMethod java/util/Set contains (Ljava/lang/Object;)Z 0 0 1 0 -1
ciMethod java/util/Set add (Ljava/lang/Object;)Z 0 0 1 0 -1
ciMethod java/util/Set remove (Ljava/lang/Object;)Z 0 0 1 0 -1
ciMethod java/util/AbstractMap <init> ()V 481 1 70659 0 32
ciMethod java/util/HashMap <init> ()V 153 1 40611 0 32
ciMethod java/lang/Math min (II)I 3049 1 174183 0 -1
ciMethod java/lang/ThreadLocal initialValue ()Ljava/lang/Object; 1025 1 128 0 0
ciMethod java/lang/ThreadLocal get ()Ljava/lang/Object; 2049 1 12971 0 1536
ciMethod java/lang/ThreadLocal setInitialValue ()Ljava/lang/Object; 25 1 566 0 0
ciMethod java/lang/ThreadLocal set (Ljava/lang/Object;)V 49 1 38255 0 1056
ciMethod java/lang/ThreadLocal remove ()V 1569 1 2293 0 -1
ciMethod java/lang/ThreadLocal getMap (Ljava/lang/Thread;)Ljava/lang/ThreadLocal$ThreadLocalMap; 2049 1 15090 0 0
ciMethod java/lang/ThreadLocal createMap (Ljava/lang/Thread;Ljava/lang/Object;)V 9 1 67 0 0
ciMethod java/lang/ThreadLocal access$400 (Ljava/lang/ThreadLocal;)I 1025 1 128 0 0
ciMethod java/util/Arrays copyOf ([CI)[C 921 1 43279 0 0
ciMethodData java/lang/String charAt (I)C 2 2178917 orig 264 8 206 54 4 0 0 0 0 176 61 110 23 0 0 0 0 120 1 0 0 32 0 0 0 0 0 0 0 0 0 0 0 0 0 0 0 0 0 0 0 0 0 0 0 0 0 0 0 0 0 0 0 0 0 0 0 0 0 0 0 0 0 0 0 0 0 0 0 0 0 0 0 0 0 0 0 0 0 0 0 77 68 79 32 101 120 116 114 97 32 100 97 116 97 32 108 111 99 107 0 0 0 0 0 0 0 0 0 0 0 0 0 0 0 0 0 0 0 0 0 0 0 0 0 0 0 0 0 0 0 0 0 0 0 0 0 0 0 0 0 0 0 0 0 0 0 0 0 0 0 0 0 0 0 0 0 0 0 0 0 0 0 0 1 0 0 0 0 0 0 0 0 0 0 0 0 0 0 0 0 0 0 0 0 25 0 0 0 0 0 0 0 0 0 0 0 0 0 0 0 1 0 0 0 0 0 0 0 0 0 0 0 0 0 0 0 0 2 0 0 41 235 9 1 1 0 0 0 0 0 0 0 0 0 0 0 2 0 0 0 0 0 0 0 0 0 0 0 80 0 0 0 255 255 255 255 7 0 1 0 0 0 0 0 data 10 0x10007 0x0 0x40 0x213d63 0xa0007 0x213d90 0x30 0x0 0x120002 0x0 oops 0
ciMethodData java/lang/String length ()I 2 642616 orig 264 8 206 54 4 0 0 0 0 96 60 110 23 0 0 0 0 32 1 0 0 0 0 0 0 0 0 0 0 0 0 0 0 0 0 0 0 0 0 0 0 0 0 0 0 0 0 0 0 0 0 0 0 0 0 0 0 0 0 0 0 0 0 0 0 0 0 0 0 0 0 0 0 0 0 0 0 0 0 0 0 77 68 79 32 101 120 116 114 97 32 100 97 116 97 32 108 111 99 107 0 0 0 0 0 0 0 0 0 0 0 0 0 0 0 0 0 0 0 0 0 0 0 0 0 0 0 0 0 0 0 0 0 0 0 0 0 0 0 0 0 0 0 0 0 0 0 0 0 0 0 0 0 0 0 0 0 0 0 0 0 0 0 0 0 0 0 0 0 0 0 0 0 0 0 0 0 0 0 0 0 0 0 0 0 1 0 0 0 0 0 0 0 0 0 0 0 0 0 0 0 1 0 0 0 0 0 0 0 0 0 0 0 0 0 0 0 0 2 0 0 193 97 78 0 1 0 0 0 0 0 0 0 0 0 0 0 2 0 0 0 0 0 0 0 0 0 0 0 0 0 0 0 255 255 255 255 0 0 0 0 0 0 0 0 data 0 oops 0
ciMethodData java/lang/Object <init> ()V 2 2380859 orig 264 8 206 54 4 0 0 0 0 128 4 110 23 0 0 0 0 32 1 0 0 0 0 0 0 0 0 0 0 0 0 0 0 0 0 0 0 0 0 0 0 0 0 0 0 0 0 0 0 0 0 0 0 0 0 0 0 0 0 0 0 0 0 0 0 0 0 0 0 0 0 0 0 0 0 0 0 0 0 0 0 77 68 79 32 101 120 116 114 97 32 100 97 116 97 32 108 111 99 107 0 0 0 0 0 0 0 0 0 0 0 0 0 0 0 0 0 0 0 0 0 0 0 0 0 0 0 0 0 0 0 0 0 0 0 0 0 0 0 0 0 0 0 0 0 0 0 0 0 0 0 0 0 0 0 0 0 0 0 0 0 0 0 0 0 0 0 0 0 0 0 0 0 0 0 0 0 0 0 0 0 0 0 0 0 1 0 0 0 0 0 0 0 1 0 0 0 0 0 0 0 1 0 0 0 0 0 0 0 0 0 0 0 0 0 0 0 0 2 0 0 217 145 34 1 1 0 0 0 0 0 0 0 0 0 0 0 2 0 0 0 0 0 3 0 1 0 0 0 0 0 0 0 255 255 255 255 0 0 0 0 0 0 0 0 data 0 oops 0
ciMethod java/lang/ThreadLocal$ThreadLocalMap nextIndex (II)I 2065 1 9080 0 0
ciMethod java/lang/ThreadLocal$ThreadLocalMap <init> (Ljava/lang/ThreadLocal;Ljava/lang/Object;)V 9 1 68 0 -1
ciMethod java/lang/ThreadLocal$ThreadLocalMap getEntry (Ljava/lang/ThreadLocal;)Ljava/lang/ThreadLocal$ThreadLocalMap$Entry; 2041 1 6413 0 352
ciMethod java/lang/ThreadLocal$ThreadLocalMap getEntryAfterMiss (Ljava/lang/ThreadLocal;ILjava/lang/ThreadLocal$ThreadLocalMap$Entry;)Ljava/lang/ThreadLocal$ThreadLocalMap$Entry; 17 1 1007 0 0
ciMethod java/lang/ThreadLocal$ThreadLocalMap set (Ljava/lang/ThreadLocal;Ljava/lang/Object;)V 65 1 6262 0 928
ciMethod java/lang/ThreadLocal$ThreadLocalMap replaceStaleEntry (Ljava/lang/ThreadLocal;Ljava/lang/Object;I)V 0 0 1 0 -1
ciMethod java/lang/ThreadLocal$ThreadLocalMap expungeStaleEntry (I)I 1633 41 2292 0 0
ciMethod java/lang/ThreadLocal$ThreadLocalMap cleanSomeSlots (II)Z 497 1217 586 0 0
ciMethod java/lang/ThreadLocal$ThreadLocalMap rehash ()V 17 1 25 0 0
ciMethod java/lang/ThreadLocal$ThreadLocalMap resize ()V 17 393 25 0 -1
ciMethod java/lang/ThreadLocal$ThreadLocalMap expungeStaleEntries ()V 17 385 25 0 -1
ciMethod java/lang/ThreadLocal$ThreadLocalMap access$000 (Ljava/lang/ThreadLocal$ThreadLocalMap;Ljava/lang/ThreadLocal;)Ljava/lang/ThreadLocal$ThreadLocalMap$Entry; 2041 1 12971 0 0
ciMethod java/lang/ThreadLocal$ThreadLocalMap access$100 (Ljava/lang/ThreadLocal$ThreadLocalMap;Ljava/lang/ThreadLocal;Ljava/lang/Object;)V 65 1 38800 0 0
ciMethod java/lang/ThreadLocal$ThreadLocalMap$Entry <init> (Ljava/lang/ThreadLocal;Ljava/lang/Object;)V 601 1 654 0 0
ciMethod java/util/concurrent/atomic/AtomicLong get ()J 2057 1 22534 0 0
ciMethod java/util/concurrent/atomic/AtomicLong compareAndSet (JJ)Z 1705 1 4627 0 0
ciMethod java/util/concurrent/atomic/AtomicLong getAndIncrement ()J 2657 1 8918 0 0
ciMethod java/lang/Enum compareTo (Ljava/lang/Enum;)I 2049 1 6438 0 128
ciMethod java/lang/Enum getDeclaringClass ()Ljava/lang/Class; 1 1 922 0 -1
ciMethod java/util/Collections$SetFromMap add (Ljava/lang/Object;)Z 2057 1 6531 0 992
ciMethod java/util/concurrent/ConcurrentHashMap spread (I)I 2049 1 58030 0 -1
ciMethod java/util/concurrent/ConcurrentHashMap tabAt ([Ljava/util/concurrent/ConcurrentHashMap$Node;I)Ljava/util/concurrent/ConcurrentHashMap$Node; 2049 1 85755 0 -1
ciMethod java/util/concurrent/ConcurrentHashMap casTabAt ([Ljava/util/concurrent/ConcurrentHashMap$Node;ILjava/util/concurrent/ConcurrentHashMap$Node;Ljava/util/concurrent/ConcurrentHashMap$Node;)Z 2049 1 18439 0 -1
ciMethod java/util/concurrent/ConcurrentHashMap put (Ljava/lang/Object;Ljava/lang/Object;)Ljava/lang/Object; 2049 1 5801 0 64
ciMethod java/util/concurrent/ConcurrentHashMap putVal (Ljava/lang/Object;Ljava/lang/Object;Z)Ljava/lang/Object; 2193 489 28948 0 -1
ciMethod java/util/concurrent/ConcurrentHashMap initTable ()[Ljava/util/concurrent/ConcurrentHashMap$Node; 65 1 2582 0 -1
ciMethod java/util/concurrent/ConcurrentHashMap addCount (JI)V 2049 73 10511 0 -1
ciMethod java/util/concurrent/ConcurrentHashMap helpTransfer ([Ljava/util/concurrent/ConcurrentHashMap$Node;Ljava/util/concurrent/ConcurrentHashMap$Node;)[Ljava/util/concurrent/ConcurrentHashMap$Node; 0 0 1 0 -1
ciMethod java/util/concurrent/ConcurrentHashMap treeifyBin ([Ljava/util/concurrent/ConcurrentHashMap$Node;I)V 0 0 1 0 -1
ciMethod java/util/concurrent/ConcurrentHashMap$Node <init> (ILjava/lang/Object;Ljava/lang/Object;Ljava/util/concurrent/ConcurrentHashMap$Node;)V 2081 1 27525 0 -1
ciMethodData java/lang/AbstractStringBuilder ensureCapacityInternal (I)V 2 494790 orig 264 8 206 54 4 0 0 0 0 72 85 117 23 0 0 0 0 144 1 0 0 0 0 0 0 0 0 0 0 0 0 0 0 0 0 0 0 0 0 0 0 0 0 0 0 0 0 0 0 0 0 0 0 0 0 0 0 0 0 0 0 0 0 0 0 0 0 0 0 0 0 0 0 0 0 0 0 0 0 0 0 77 68 79 32 101 120 116 114 97 32 100 97 116 97 32 108 111 99 107 0 0 0 0 0 0 0 0 0 0 0 0 0 0 0 0 0 0 0 0 0 0 0 0 0 0 0 0 0 0 0 0 0 0 0 0 0 0 0 0 0 0 0 0 0 0 0 0 0 0 0 0 0 0 0 0 0 0 0 0 0 0 0 0 0 0 0 0 0 0 0 0 0 0 0 0 0 0 0 0 0 0 0 0 0 17 0 0 0 0 0 0 0 0 0 0 0 0 0 0 0 1 0 0 0 0 0 0 0 0 0 0 0 0 0 0 0 74 1 0 0 225 91 60 0 1 0 0 0 0 0 0 0 0 0 0 0 2 0 0 0 0 0 11 0 2 0 0 0 64 0 0 0 255 255 255 255 7 0 7 0 0 0 0 0 data 8 0x70007 0x73d50 0x40 0x4e2d 0x110002 0x4e2c 0x140002 0x4e2c oops 0
ciMethodData java/util/ArrayList get (I)Ljava/lang/Object; 2 25230 orig 264 8 206 54 4 0 0 0 0 48 26 123 23 0 0 0 0 144 1 0 0 0 0 0 0 0 0 0 0 0 0 0 0 0 0 0 0 0 0 0 0 0 0 0 0 0 0 0 0 0 0 0 0 0 0 0 0 0 0 0 0 0 0 0 0 0 0 0 0 0 0 0 0 0 0 0 0 0 0 0 0 77 68 79 32 101 120 116 114 97 32 100 97 116 97 32 108 111 99 107 0 0 0 0 0 0 0 0 0 0 0 0 0 0 0 0 0 0 0 0 0 0 0 0 0 0 0 0 0 0 0 0 0 0 0 0 0 0 0 0 0 0 0 0 0 0 0 0 0 0 0 0 0 0 0 0 0 0 0 0 0 0 0 0 0 0 0 0 0 0 0 0 0 0 0 0 0 0 0 0 0 0 0 0 0 0 0 0 0 0 0 0 0 0 0 0 0 0 0 0 0 0 0 0 0 0 0 0 0 0 0 0 0 0 0 0 0 239 0 0 0 249 12 3 0 1 0 0 0 0 0 0 0 0 0 0 0 2 0 0 0 0 0 0 0 0 0 0 0 64 0 0 0 255 255 255 255 2 0 2 0 0 0 0 0 data 8 0x20002 0x619f 0x70005 0x0 0x20bf3e80 0x619f 0x0 0x0 oops 1 4 java/util/ArrayList
ciMethodData java/util/ArrayList rangeCheck (I)V 2 31262 orig 264 8 206 54 4 0 0 0 0 16 35 123 23 0 0 0 0 104 1 0 0 0 0 0 0 0 0 0 0 0 0 0 0 0 0 0 0 0 0 0 0 0 0 0 0 0 0 0 0 0 0 0 0 0 0 0 0 0 0 0 0 0 0 0 0 0 0 0 0 0 0 0 0 0 0 0 0 0 0 0 0 77 68 79 32 101 120 116 114 97 32 100 97 116 97 32 108 111 99 107 0 0 0 0 0 0 0 0 0 0 0 0 0 0 0 0 0 0 0 0 0 0 0 0 0 0 0 0 0 0 0 0 0 0 0 0 0 0 0 0 0 0 0 0 0 0 0 0 0 0 0 0 0 0 0 0 0 0 0 0 0 0 0 0 0 0 0 0 0 0 0 0 0 0 0 0 0 0 0 0 0 0 0 0 0 0 0 0 0 0 0 0 0 0 0 0 0 0 0 0 0 0 0 0 0 0 0 0 0 0 0 0 0 0 0 0 0 239 0 0 0 121 201 3 0 1 0 0 0 0 0 0 0 0 0 0 0 2 0 0 0 0 0 0 0 0 0 0 0 64 0 0 0 255 255 255 255 7 0 5 0 0 0 0 0 data 8 0x50007 0x792f 0x40 0x0 0xe0002 0x0 0x110002 0x0 oops 0
ciMethodData java/util/ArrayList elementData (I)Ljava/lang/Object; 2 32650 orig 264 8 206 54 4 0 0 0 0 144 25 123 23 0 0 0 0 40 1 0 0 0 0 0 0 0 0 0 0 0 0 0 0 0 0 0 0 0 0 0 0 0 0 0 0 0 0 0 0 0 0 0 0 0 0 0 0 0 0 0 0 0 0 0 0 0 0 0 0 0 0 0 0 0 0 0 0 0 0 0 0 77 68 79 32 101 120 116 114 97 32 100 97 116 97 32 108 111 99 107 0 0 0 0 0 0 0 0 0 0 0 0 0 0 0 0 0 0 0 0 0 0 0 0 0 0 0 0 0 0 0 0 0 0 0 0 0 0 0 0 0 0 0 0 0 0 0 0 0 0 0 0 0 0 0 0 0 0 0 0 0 0 0 0 0 0 0 0 0 0 0 0 0 0 0 0 0 0 0 0 0 0 0 0 0 0 0 0 0 0 0 0 0 0 0 0 0 0 0 0 0 0 0 0 0 0 0 0 0 0 0 0 0 0 0 0 0 239 0 0 0 161 208 3 0 1 0 0 0 0 0 0 0 0 0 0 0 2 0 0 0 0 0 3 0 1 0 0 0 0 0 0 0 255 255 255 255 0 0 0 0 0 0 0 0 data 0 oops 0
ciMethodData java/lang/ref/Reference <init> (Ljava/lang/Object;Ljava/lang/ref/ReferenceQueue;)V 2 41572 orig 264 8 206 54 4 0 0 0 0 160 135 112 23 0 0 0 0 120 1 0 0 0 0 0 0 0 0 0 0 0 0 0 0 0 0 0 0 0 0 0 0 0 0 0 0 0 0 0 0 0 0 0 0 0 0 0 0 0 0 0 0 0 0 0 0 0 0 0 0 0 0 0 0 0 0 0 0 0 0 0 0 77 68 79 32 101 120 116 114 97 32 100 97 116 97 32 108 111 99 107 0 0 0 0 0 0 0 0 0 0 0 0 0 0 0 0 0 0 0 0 0 0 0 0 0 0 0 0 0 0 0 0 0 0 0 0 0 0 0 0 0 0 0 0 0 0 0 0 0 0 0 0 0 0 0 0 0 0 0 0 0 0 0 0 0 0 0 0 0 0 0 0 0 0 0 0 0 0 0 0 0 0 0 0 0 1 0 0 0 0 0 0 0 0 0 0 0 0 0 0 0 1 0 0 0 0 0 0 0 0 0 0 0 0 0 0 0 0 1 0 0 33 11 5 0 1 0 0 0 0 0 0 0 0 0 0 0 2 0 0 0 0 0 6 0 2 0 0 0 72 0 0 0 255 255 255 255 2 0 1 0 0 0 0 0 data 9 0x10002 0xa164 0xb0007 0x58ee 0x38 0x4876 0x110003 0x4876 0x18 oops 0
ciMethodData java/util/HashMap <init> ()V 2 40615 orig 264 8 206 54 4 0 0 0 0 16 162 124 23 0 0 0 0 48 1 0 0 0 0 0 0 0 0 0 0 0 0 0 0 0 0 0 0 0 0 0 0 0 0 0 0 0 0 0 0 0 0 0 0 0 0 0 0 0 0 0 0 0 0 0 0 0 0 0 0 0 0 0 0 0 0 0 0 0 0 0 0 77 68 79 32 101 120 116 114 97 32 100 97 116 97 32 108 111 99 107 0 0 0 0 0 0 0 0 0 0 0 0 0 0 0 0 0 0 0 0 0 0 0 0 0 0 0 0 0 0 0 0 0 0 0 0 0 0 0 0 0 0 0 0 0 0 0 0 0 0 0 0 0 0 0 0 0 0 0 0 0 0 0 0 0 0 0 0 0 0 0 0 0 0 0 0 0 0 0 0 0 0 0 0 0 0 0 0 0 0 0 0 0 0 0 0 0 0 0 0 0 0 0 0 0 0 0 0 0 0 0 0 0 0 0 0 0 19 0 0 0 161 244 4 0 1 0 0 0 0 0 0 0 0 0 0 0 2 0 0 0 0 0 3 0 2 0 0 0 16 0 0 0 255 255 255 255 2 0 1 0 0 0 0 0 data 2 0x10002 0x9e94 oops 0
ciMethodData java/util/AbstractMap <init> ()V 2 70659 orig 264 8 206 54 4 0 0 0 0 160 242 123 23 0 0 0 0 48 1 0 0 0 0 0 0 0 0 0 0 0 0 0 0 0 0 0 0 0 0 0 0 0 0 0 0 0 0 0 0 0 0 0 0 0 0 0 0 0 0 0 0 0 0 0 0 0 0 0 0 0 0 0 0 0 0 0 0 0 0 0 0 77 68 79 32 101 120 116 114 97 32 100 97 116 97 32 108 111 99 107 0 0 0 0 0 0 0 0 0 0 0 0 0 0 0 0 0 0 0 0 0 0 0 0 0 0 0 0 0 0 0 0 0 0 0 0 0 0 0 0 0 0 0 0 0 0 0 0 0 0 0 0 0 0 0 0 0 0 0 0 0 0 0 0 0 0 0 0 0 0 0 0 0 0 0 0 0 0 0 0 0 0 0 0 0 1 0 0 0 0 0 0 0 0 0 0 0 0 0 0 0 1 0 0 0 0 0 0 0 0 0 0 0 0 0 0 0 60 0 0 0 57 158 8 0 1 0 0 0 0 0 0 0 0 0 0 0 2 0 0 0 0 0 3 0 2 0 0 0 16 0 0 0 255 255 255 255 2 0 1 0 0 0 0 0 data 2 0x10002 0x113c8 oops 0
ciMethodData java/lang/String indexOf ([CII[CIII)I 2 38348 orig 264 8 206 54 4 0 0 0 0 224 87 110 23 0 0 0 0 56 3 0 0 120 0 0 0 0 0 0 0 0 0 0 0 0 0 0 0 0 0 0 0 0 0 0 0 0 0 0 0 0 0 0 0 0 0 0 0 0 0 0 0 0 0 0 0 0 0 0 0 0 0 0 0 0 0 0 0 0 0 0 0 77 68 79 32 101 120 116 114 97 32 100 97 116 97 32 108 111 99 107 0 0 0 0 0 0 0 0 0 0 0 0 0 0 0 0 0 0 0 0 0 0 0 0 0 0 0 0 0 0 0 0 0 0 0 0 0 0 0 0 0 0 0 0 0 0 0 0 0 0 0 0 0 0 0 0 0 0 0 0 0 0 0 0 0 0 0 0 0 0 0 0 0 0 0 0 0 0 0 0 0 0 0 0 0 0 0 0 0 0 0 0 0 0 0 0 0 0 0 0 0 0 0 0 0 0 0 0 0 0 0 0 0 0 0 0 0 15 20 0 0 49 22 0 0 233 13 4 0 0 0 0 0 0 0 0 0 2 0 0 0 3 0 35 0 2 0 0 0 224 1 0 0 255 255 255 255 7 0 3 0 0 0 0 0 data 60 0x30007 0x2c5 0x58 0x1 0x80007 0x1 0x38 0x0 0xc0003 0x0 0x18 0x130007 0x2c5 0x20 0x0 0x1b0007 0x2c5 0x20 0x0 0x390007 0x2a5 0x148 0xee4 0x420007 0x245 0x78 0xc9f 0x4c0007 0x2a5 0x58 0x7ce2 0x550007 0x9fa 0x38 0x72e8 0x580003 0x72e8 0xffffffffffffffc0 0x5f0007 0x2a5 0x98 0xc3f 0x7b0007 0x20 0x58 0xc30 0x860007 0xc1f 0x38 0x11 0x8f0003 0x11 0xffffffffffffffc0 0x960007 0xc1f 0x20 0x20 0xa10003 0xec4 0xfffffffffffffed0 oops 0
ciMethodData java/lang/ThreadLocal getMap (Ljava/lang/Thread;)Ljava/lang/ThreadLocal$ThreadLocalMap; 2 15090 orig 264 8 206 54 4 0 0 0 0 96 85 126 23 0 0 0 0 40 1 0 0 0 0 0 0 0 0 0 0 0 0 0 0 0 0 0 0 0 0 0 0 0 0 0 0 0 0 0 0 0 0 0 0 0 0 0 0 0 0 0 0 0 0 0 0 0 0 0 0 0 0 0 0 0 0 0 0 0 0 0 0 77 68 79 32 101 120 116 114 97 32 100 97 116 97 32 108 111 99 107 0 0 0 0 0 0 0 0 0 0 0 0 0 0 0 0 0 0 0 0 0 0 0 0 0 0 0 0 0 0 0 0 0 0 0 0 0 0 0 0 0 0 0 0 0 0 0 0 0 0 0 0 0 0 0 0 0 0 0 0 0 0 0 0 0 0 0 0 0 0 0 0 0 0 0 0 0 0 0 0 0 0 0 0 0 0 0 0 0 0 0 0 0 0 0 0 0 0 0 0 0 0 0 0 0 0 0 0 0 0 0 0 0 0 0 0 0 0 1 0 0 145 207 1 0 1 0 0 0 0 0 0 0 0 0 0 0 2 0 0 0 0 0 3 0 1 0 0 0 0 0 0 0 255 255 255 255 0 0 0 0 0 0 0 0 data 0 oops 0
ciMethodData java/lang/ThreadLocal get ()Ljava/lang/Object; 2 12971 orig 264 8 206 54 4 0 0 0 0 168 82 126 23 0 0 0 0 232 1 0 0 64 0 0 0 0 0 0 0 0 0 0 0 0 0 0 0 0 0 0 0 0 0 0 0 0 0 0 0 0 0 0 0 0 0 0 0 0 0 0 0 0 0 0 0 0 0 0 0 0 0 0 0 0 0 0 0 0 0 0 0 77 68 79 32 101 120 116 114 97 32 100 97 116 97 32 108 111 99 107 0 0 0 0 0 0 0 0 0 0 0 0 0 0 0 0 0 0 0 0 0 0 0 0 0 0 0 0 0 0 0 0 0 0 0 0 0 0 0 0 0 0 0 0 0 1 0 0 0 0 0 0 0 0 0 0 0 0 0 0 0 0 0 0 0 0 0 0 0 0 0 0 0 0 0 0 0 0 0 0 1 0 0 0 0 17 0 0 0 0 0 0 0 0 0 0 0 0 0 0 0 0 0 0 0 0 0 0 0 0 0 0 0 0 0 0 0 0 1 0 0 89 141 1 0 1 0 0 0 17 24 0 0 0 0 0 0 2 0 0 0 0 0 8 0 2 0 0 0 160 0 0 0 255 255 255 255 2 0 0 0 0 0 0 0 data 20 0x2 0x31ab 0x60005 0x646 0x1e1d9d20 0x2b5f 0x20a464d0 0x6 0xbe007 0x1 0x50 0x31ac 0x100002 0x31ac 0x150007 0x232 0x20 0x2f7a 0x220002 0x233 oops 2 4 java/lang/ThreadLocal 6 sun/misc/FloatingDecimal$1
ciMethodData java/lang/ThreadLocal$ThreadLocalMap access$000 (Ljava/lang/ThreadLocal$ThreadLocalMap;Ljava/lang/ThreadLocal;)Ljava/lang/ThreadLocal$ThreadLocalMap$Entry; 2 12971 orig 264 8 206 54 4 0 0 0 0 64 223 129 23 0 0 0 0 56 1 0 0 0 0 0 0 0 0 0 0 0 0 0 0 0 0 0 0 0 0 0 0 0 0 0 0 0 0 0 0 0 0 0 0 0 0 0 0 0 0 0 0 0 0 0 0 0 0 0 0 0 0 0 0 0 0 0 0 0 0 0 0 77 68 79 32 101 120 116 114 97 32 100 97 116 97 32 108 111 99 107 0 0 0 0 0 0 0 0 0 0 0 0 0 0 0 0 0 0 0 0 0 0 0 0 0 0 0 0 0 0 0 0 0 0 0 0 0 0 0 0 0 0 0 0 0 0 0 0 0 0 0 0 0 0 0 0 0 0 0 0 0 0 0 0 0 0 0 0 0 0 0 0 0 0 0 0 0 0 0 0 0 0 0 0 0 0 0 0 0 0 0 0 0 0 0 0 0 0 0 0 0 0 0 0 0 0 0 0 0 0 0 0 0 0 0 0 0 255 0 0 0 97 141 1 0 1 0 0 0 0 0 0 0 0 0 0 0 2 0 0 0 0 0 3 0 2 0 0 0 16 0 0 0 255 255 255 255 2 0 2 0 0 0 0 0 data 2 0x20002 0x31ac oops 0
ciMethodData java/lang/ThreadLocal$ThreadLocalMap getEntry (Ljava/lang/ThreadLocal;)Ljava/lang/ThreadLocal$ThreadLocalMap$Entry; 2 6413 orig 264 8 206 54 4 0 0 0 0 136 213 129 23 0 0 0 0 224 1 0 0 96 0 0 0 0 0 0 0 0 0 0 0 0 0 0 0 0 0 0 0 0 0 0 0 0 0 0 0 0 0 0 0 0 0 0 0 0 0 0 0 0 0 0 0 0 0 0 0 0 0 0 0 0 0 0 0 0 0 0 0 77 68 79 32 101 120 116 114 97 32 100 97 116 97 32 108 111 99 107 0 0 0 0 0 0 0 0 0 0 0 0 0 0 0 0 0 0 0 0 0 0 0 0 0 0 0 0 0 0 0 0 0 0 0 0 0 0 0 0 0 0 0 0 0 0 0 0 0 0 0 0 0 0 0 0 0 0 0 0 0 0 0 0 0 0 0 0 0 0 0 0 0 0 0 0 0 0 0 0 0 0 0 0 0 0 0 0 0 0 0 0 0 0 0 0 0 0 0 0 0 0 0 0 0 0 0 0 0 0 0 0 0 0 0 0 0 255 0 0 0 113 192 0 0 1 0 0 0 0 0 0 0 0 0 0 0 2 0 0 0 0 0 8 0 2 0 0 0 144 0 0 0 255 255 255 255 2 0 1 0 0 0 0 0 data 18 0x10002 0x180e 0x150007 0x161 0x70 0x16ad 0x190005 0x0 0x20a45ea0 0x16ad 0x0 0x0 0x1d0007 0x28c 0x20 0x1421 0x260002 0x3ed oops 1 8 java/lang/ThreadLocal$ThreadLocalMap$Entry
ciMethodData java/lang/ThreadLocal setInitialValue ()Ljava/lang/Object; 1 566 orig 264 8 206 54 4 0 0 0 0 104 83 126 23 0 0 0 0 48 2 0 0 160 0 0 0 0 0 0 0 0 0 0 0 0 0 0 0 0 0 0 0 0 0 0 0 0 0 0 0 0 0 0 0 0 0 0 0 0 0 0 0 0 0 0 0 0 0 0 0 0 0 0 0 0 0 0 0 0 0 0 0 77 68 79 32 101 120 116 114 97 32 100 97 116 97 32 108 111 99 107 0 0 0 0 0 0 0 0 0 0 0 0 0 0 0 0 0 0 0 0 0 0 0 0 0 0 0 0 0 0 0 0 0 0 0 0 0 0 0 0 0 0 0 0 0 0 0 0 0 0 0 0 0 0 0 0 0 0 0 0 0 0 0 0 0 0 0 0 0 0 0 0 0 0 0 0 0 0 0 0 0 0 0 0 0 0 0 0 0 0 0 0 0 0 0 0 0 0 0 0 0 0 0 0 0 0 0 0 0 0 0 0 0 0 0 0 0 3 0 0 0 153 17 0 0 1 0 0 0 0 0 0 0 0 0 0 0 2 0 0 0 0 0 6 0 2 0 0 0 232 0 0 0 255 255 255 255 5 0 1 0 0 0 0 0 data 29 0x10005 0x87 0x1e1d9d20 0x1aa 0x20a464d0 0x2 0x50002 0x233 0xb0005 0x87 0x1e1d9d20 0x1aa 0x20a464d0 0x2 0x100007 0x1 0x48 0x232 0x160002 0x232 0x190003 0x232 0x48 0x1f0005 0x0 0x1b733e10 0x1 0x0 0x0 oops 5 2 java/lang/ThreadLocal 4 sun/misc/FloatingDecimal$1 10 java/lang/ThreadLocal 12 sun/misc/FloatingDecimal$1 25 java/lang/InheritableThreadLocal
ciMethodData java/lang/String indexOf (Ljava/lang/String;I)I 2 30797 orig 264 8 206 54 4 0 0 0 0 240 85 110 23 0 0 0 0 104 1 0 0 0 0 0 0 0 0 0 0 0 0 0 0 0 0 0 0 0 0 0 0 0 0 0 0 0 0 0 0 0 0 0 0 0 0 0 0 0 0 0 0 0 0 0 0 0 0 0 0 0 0 0 0 0 0 0 0 0 0 0 0 77 68 79 32 101 120 116 114 97 32 100 97 116 97 32 108 111 99 107 0 0 0 0 0 0 0 0 0 0 0 0 0 0 0 0 0 0 0 0 0 0 0 0 0 0 0 0 0 0 0 0 0 0 0 0 0 0 0 0 0 0 0 0 0 0 0 0 0 0 0 0 0 0 0 0 0 0 0 0 0 0 0 0 0 0 0 0 0 0 0 0 0 0 0 0 0 0 0 0 0 0 0 0 0 0 0 0 0 0 0 0 0 0 0 0 0 0 0 0 0 0 0 0 0 0 0 0 0 0 0 0 0 0 0 0 0 0 1 0 0 105 186 3 0 1 0 0 0 0 0 0 0 0 0 0 0 2 0 0 0 0 0 3 0 2 0 0 0 16 0 0 0 255 255 255 255 2 0 21 0 0 0 0 0 data 2 0x150002 0x774d oops 0
ciMethod java/util/concurrent/TimeUnit toMillis (J)J 0 0 1 0 -1
ciMethod java/util/concurrent/TimeUnit$1 toMillis (J)J 2049 1 12604 0 0
ciMethod java/util/concurrent/atomic/AtomicReference get ()Ljava/lang/Object; 1121 1 140 0 0
ciMethod java/util/concurrent/atomic/AtomicReference set (Ljava/lang/Object;)V 153 1 171 0 -1
ciMethod java/util/IdentityHashMap maskNull (Ljava/lang/Object;)Ljava/lang/Object; 2153 1 8189 0 0
ciMethod java/util/IdentityHashMap hash (Ljava/lang/Object;I)I 2377 1 10419 0 0
ciMethod java/util/IdentityHashMap nextKeyIndex (II)I 161 1 7410 0 0
ciMethod java/util/IdentityHashMap put (Ljava/lang/Object;Ljava/lang/Object;)Ljava/lang/Object; 3161 2817 1331 0 0
ciMethod java/util/IdentityHashMap resize (I)Z 57 6025 11 0 0
ciMethod org/slf4j/Logger debug (Ljava/lang/String;Ljava/lang/Object;)V 0 0 1 0 -1
ciMethod org/gradle/internal/logging/slf4j/OutputEventListenerBackedLoggerContext getLevel ()Lorg/gradle/api/logging/LogLevel; 2049 1 35618 0 0
ciMethod org/gradle/internal/logging/events/OutputEventListener onOutput (Lorg/gradle/internal/logging/events/OutputEvent;)V 0 0 1 0 -1
ciMethod org/gradle/internal/time/Clock getCurrentTime ()J 0 0 1 0 -1
ciMethod org/gradle/internal/time/MonotonicClock getCurrentTime ()J 2049 1 6401 0 384
ciMethod org/gradle/internal/time/MonotonicClock syncIsDue (JJJ)Z 2041 1 6401 0 0
ciMethod org/gradle/internal/time/MonotonicClock sync (J)J 25 1 828 0 0
ciMethod org/gradle/internal/time/MonotonicClock advance (J)J 2041 1 7095 0 160
ciMethod org/gradle/internal/time/TimeSource currentTimeMillis ()J 0 0 1 0 -1
ciMethod org/gradle/internal/time/TimeSource nanoTime ()J 0 0 1 0 -1
ciMethod org/gradle/internal/time/TimeSource$1 nanoTime ()J 2081 1 15095 0 0
ciMethod org/gradle/internal/logging/sink/OutputEventRenderer onOutput (Lorg/gradle/internal/logging/events/OutputEvent;)V 2049 1 5376 0 1088
ciMethod org/gradle/internal/logging/sink/OutputEventRenderer isProgressEvent (Lorg/gradle/internal/logging/events/OutputEvent;)Z 0 0 1 0 -1
ciMethod org/gradle/internal/logging/events/OutputEvent <init> ()V 4097 1 16299 0 0
ciMethod org/gradle/internal/logging/events/OutputEvent getLogLevel ()Lorg/gradle/api/logging/LogLevel; 0 0 1 0 -1
ciMethod org/gradle/internal/logging/events/LogLevelChangeEvent getNewLogLevel ()Lorg/gradle/api/logging/LogLevel; 473 1 59 0 -1
ciMethod org/gradle/internal/UncheckedException throwAsUncheckedException (Ljava/lang/Throwable;Z)Ljava/lang/RuntimeException; 33 1 4 4 -1
ciMethod org/gradle/internal/logging/sink/OutputEventTransformer onOutput (Lorg/gradle/internal/logging/events/OutputEvent;)V 2049 1 10505 0 -1
ciMethod org/gradle/internal/logging/events/ProgressStartEvent <init> (Lorg/gradle/internal/operations/OperationIdentifier;Lorg/gradle/internal/operations/OperationIdentifier;JLjava/lang/String;Ljava/lang/String;Ljava/lang/String;Ljava/lang/String;IZLorg/gradle/internal/operations/OperationIdentifier;Lorg/gradle/internal/operations/BuildOperationCategory;)V 2049 1 5383 0 192
ciMethod org/gradle/internal/logging/events/ProgressStartEvent getParentProgressOperationId ()Lorg/gradle/internal/operations/OperationIdentifier; 1137 1 142 0 -1
ciMethod org/gradle/internal/logging/events/ProgressStartEvent getLoggingHeader ()Ljava/lang/String; 1081 1 135 0 0
ciMethod org/gradle/internal/logging/events/ProgressStartEvent getStatus ()Ljava/lang/String; 1065 1 133 0 -1
ciMethod org/gradle/internal/logging/events/ProgressStartEvent getProgressOperationId ()Lorg/gradle/internal/operations/OperationIdentifier; 1185 1 148 0 -1
ciMethod org/gradle/internal/logging/events/ProgressStartEvent isBuildOperationStart ()Z 1073 1 134 0 -1
ciMethod org/gradle/internal/logging/events/ProgressStartEvent getBuildOperationId ()Lorg/gradle/internal/operations/OperationIdentifier; 1025 1 128 0 0
ciMethod org/gradle/internal/logging/events/ProgressStartEvent getBuildOperationCategory ()Lorg/gradle/internal/operations/BuildOperationCategory; 1025 1 128 0 -1
ciMethod org/gradle/internal/logging/events/ProgressStartEvent withParentProgressOperation (Lorg/gradle/internal/operations/OperationIdentifier;)Lorg/gradle/internal/logging/events/ProgressStartEvent; 25 1 41 0 -1
ciMethod org/gradle/internal/logging/events/CategorisedOutputEvent <init> (JLjava/lang/String;Lorg/gradle/api/logging/LogLevel;)V 3073 1 10863 0 0
ciMethod org/gradle/internal/logging/events/CategorisedOutputEvent getTimestamp ()J 1233 1 5049 0 -1
ciMethod org/gradle/internal/logging/events/CategorisedOutputEvent getLogLevel ()Lorg/gradle/api/logging/LogLevel; 1073 1 134 0 0
ciMethod org/gradle/internal/logging/events/RenderableOutputEvent getBuildOperationId ()Lorg/gradle/internal/operations/OperationIdentifier; 1025 1 128 0 -1
ciMethod org/gradle/internal/logging/events/RenderableOutputEvent withBuildOperationId (Lorg/gradle/internal/operations/OperationIdentifier;)Lorg/gradle/internal/logging/events/RenderableOutputEvent; 0 0 1 0 -1
ciMethod org/gradle/internal/logging/slf4j/OutputEventListenerBackedLogger isLevelAtMost (Lorg/gradle/api/logging/LogLevel;)Z 2049 1 35621 0 160
ciMethod org/gradle/internal/logging/slf4j/OutputEventListenerBackedLogger isDebugEnabled ()Z 2049 1 31858 0 160
ciMethod org/gradle/internal/logging/slf4j/OutputEventListenerBackedLogger log (Lorg/gradle/api/logging/LogLevel;Ljava/lang/Throwable;Ljava/lang/String;)V 1057 1 4761 0 -1
ciMethod org/gradle/internal/logging/slf4j/OutputEventListenerBackedLogger log (Lorg/gradle/api/logging/LogLevel;Ljava/lang/Throwable;Ljava/lang/String;Ljava/lang/Object;)V 841 1 2346 0 0
ciMethod org/gradle/internal/logging/slf4j/OutputEventListenerBackedLogger log (Lorg/gradle/api/logging/LogLevel;Ljava/lang/Throwable;Ljava/lang/String;[Ljava/lang/Object;)V 953 1 3855 0 0
ciMethod org/gradle/internal/logging/slf4j/OutputEventListenerBackedLogger debug (Ljava/lang/String;Ljava/lang/Object;)V 2049 1 19174 0 320
ciMethodData java/lang/ref/Reference <init> (Ljava/lang/Object;)V 2 32954 orig 264 8 206 54 4 0 0 0 0 240 134 112 23 0 0 0 0 56 1 0 0 0 0 0 0 0 0 0 0 0 0 0 0 0 0 0 0 0 0 0 0 0 0 0 0 0 0 0 0 0 0 0 0 0 0 0 0 0 0 0 0 0 0 0 0 0 0 0 0 0 0 0 0 0 0 0 0 0 0 0 0 77 68 79 32 101 120 116 114 97 32 100 97 116 97 32 108 111 99 107 0 0 0 0 0 0 0 0 0 0 0 0 0 0 0 0 0 0 0 0 0 0 0 0 0 0 0 0 0 0 0 0 0 0 0 0 0 0 0 0 0 0 0 0 0 0 0 0 0 0 0 0 0 0 0 0 0 0 0 0 0 0 0 0 0 0 0 0 0 0 0 0 0 0 0 0 0 0 0 0 0 0 0 0 0 1 0 0 0 0 0 0 0 0 0 0 0 0 0 0 0 1 0 0 0 0 0 0 0 0 0 0 0 0 0 0 0 128 1 0 0 209 249 3 0 1 0 0 0 0 0 0 0 0 0 0 0 2 0 0 0 0 0 6 0 2 0 0 0 16 0 0 0 255 255 255 255 2 0 3 0 0 0 0 0 data 2 0x30002 0x7f3b oops 0
ciMethod org/gradle/internal/logging/sink/OutputEventListenerManager access$000 (Lorg/gradle/internal/logging/sink/OutputEventListenerManager;)Lorg/gradle/internal/logging/events/OutputEventListener; 1025 1 128 0 0
ciMethod org/gradle/internal/logging/sink/OutputEventListenerManager access$100 (Lorg/gradle/internal/logging/sink/OutputEventListenerManager;)Lorg/gradle/internal/logging/events/OutputEventListener; 1025 1 128 0 0
ciMethod org/gradle/internal/logging/sink/OutputEventListenerManager$1 onOutput (Lorg/gradle/internal/logging/events/OutputEvent;)V 3161 1 5516 0 1408
ciMethod org/gradle/internal/logging/progress/ProgressListener started (Lorg/gradle/internal/logging/events/ProgressStartEvent;)V 0 0 1 0 -1
ciMethod org/gradle/internal/logging/progress/ProgressLoggerFactory newOperation (Ljava/lang/Class;Lorg/gradle/internal/operations/BuildOperationDescriptor;)Lorg/gradle/internal/logging/progress/ProgressLogger; 0 0 1 0 -1
ciMethod org/gradle/internal/operations/BuildOperationIdFactory nextId ()J 0 0 1 0 -1
ciMethod org/gradle/internal/operations/CurrentBuildOperationRef get ()Lorg/gradle/internal/operations/BuildOperationRef; 2073 1 20661 0 1344
ciMethod org/gradle/internal/operations/CurrentBuildOperationRef set (Lorg/gradle/internal/operations/BuildOperationRef;)V 3073 1 12133 0 0
ciMethodData java/lang/ThreadLocal$ThreadLocalMap getEntryAfterMiss (Ljava/lang/ThreadLocal;ILjava/lang/ThreadLocal$ThreadLocalMap$Entry;)Ljava/lang/ThreadLocal$ThreadLocalMap$Entry; 2 1007 orig 264 8 206 54 4 0 0 0 0 104 214 129 23 0 0 0 0 112 2 0 0 232 0 0 0 0 0 0 0 0 0 0 0 0 0 0 0 0 0 0 0 0 0 0 0 0 0 0 0 0 0 0 0 0 0 0 0 0 0 0 0 0 0 0 0 0 0 0 0 0 0 0 0 0 0 0 0 0 0 0 0 77 68 79 32 101 120 116 114 97 32 100 97 116 97 32 108 111 99 107 0 0 0 0 0 0 0 0 0 0 0 0 0 0 0 0 0 0 0 0 0 0 0 0 0 0 0 0 0 0 0 0 0 0 0 0 0 0 0 0 0 0 0 0 0 0 0 0 0 0 0 0 0 0 0 0 0 0 0 0 0 0 0 0 0 0 0 0 0 0 0 0 0 0 0 0 0 0 0 0 0 0 0 0 0 0 0 0 0 0 0 0 0 0 0 0 0 0 0 0 0 0 0 0 0 0 0 0 0 0 0 0 0 0 0 0 0 2 0 0 0 105 31 0 0 81 24 0 0 0 0 0 0 0 0 0 0 2 0 0 0 1 0 15 0 2 0 0 0 16 1 0 0 255 255 255 255 7 0 12 0 0 0 0 0 data 34 0xc0007 0x1c3 0x110 0x534 0x100005 0x0 0x20a45ea0 0x534 0x0 0x0 0x130004 0x0 0x1b730460 0x1 0x1e1d9e10 0x80 0x1b0007 0x30a 0x20 0x22a 0x220007 0x30a 0x48 0x0 0x270002 0x0 0x2b0003 0x0 0x28 0x310002 0x30a 0x3a0003 0x30a 0xffffffffffffff08 oops 3 6 java/lang/ThreadLocal$ThreadLocalMap$Entry 12 sun/nio/ch/Util$1 14 org/gradle/internal/concurrent/GradleThread$1
ciMethodData java/lang/ThreadLocal set (Ljava/lang/Object;)V 2 38255 orig 264 8 206 54 4 0 0 0 0 32 84 126 23 0 0 0 0 8 2 0 0 136 0 0 0 0 0 0 0 0 0 0 0 0 0 0 0 0 0 0 0 0 0 0 0 0 0 0 0 0 0 0 0 0 0 0 0 0 0 0 0 0 0 0 0 0 0 0 0 0 0 0 0 0 0 0 0 0 0 0 0 77 68 79 32 101 120 116 114 97 32 100 97 116 97 32 108 111 99 107 0 0 0 0 0 0 0 0 0 0 0 0 0 0 0 0 0 0 0 0 0 0 0 0 0 0 0 0 0 0 0 0 0 0 0 0 0 0 0 0 0 0 0 0 0 0 0 0 0 0 0 0 0 0 0 0 0 0 0 0 0 0 0 0 0 2 0 0 0 0 0 0 0 0 0 0 0 0 0 0 0 0 0 0 0 17 0 0 0 0 0 0 0 0 0 0 0 0 0 0 0 0 0 0 0 0 0 0 0 0 0 0 0 0 0 0 0 6 0 0 0 73 171 4 0 1 0 0 0 0 0 0 0 0 0 0 0 2 0 0 0 0 0 6 0 2 0 0 0 184 0 0 0 255 255 255 255 2 0 0 0 0 0 0 0 data 23 0x2 0x9568 0x60005 0x3ac 0x1e1d9d20 0x91ac 0x1e1d9e10 0x15 0xb0007 0x14 0x48 0x955d 0x110002 0x955b 0x140003 0x955a 0x48 0x1a4005 0x0 0x1e1d9e10 0x14 0x1e1d9d20 0x2 oops 4 4 java/lang/ThreadLocal 6 org/gradle/internal/concurrent/GradleThread$1 19 org/gradle/internal/concurrent/GradleThread$1 21 java/lang/ThreadLocal
ciMethodData java/lang/ThreadLocal$ThreadLocalMap access$100 (Ljava/lang/ThreadLocal$ThreadLocalMap;Ljava/lang/ThreadLocal;Ljava/lang/Object;)V 2 38800 orig 264 8 206 54 4 0 0 0 0 216 223 129 23 0 0 0 0 64 1 0 0 0 0 0 0 0 0 0 0 0 0 0 0 0 0 0 0 0 0 0 0 0 0 0 0 0 0 0 0 0 0 0 0 0 0 0 0 0 0 0 0 0 0 0 0 0 0 0 0 0 0 0 0 0 0 0 0 0 0 0 0 77 68 79 32 101 120 116 114 97 32 100 97 116 97 32 108 111 99 107 0 0 0 0 0 0 0 0 0 0 0 0 0 0 0 0 0 0 0 0 0 0 0 0 0 0 0 0 0 0 0 0 0 0 0 0 0 0 0 0 0 0 0 0 0 0 0 0 0 0 0 0 0 0 0 0 0 0 0 0 0 0 0 0 0 0 0 0 0 0 0 0 0 0 0 0 0 0 0 0 0 0 0 0 0 0 0 0 0 0 0 0 0 0 0 0 0 0 0 0 0 0 0 0 0 0 0 0 0 0 0 0 0 0 0 0 0 8 0 0 0 65 188 4 0 1 0 0 0 0 0 0 0 0 0 0 0 2 0 0 0 0 0 3 0 2 0 0 0 16 0 0 0 255 255 255 255 2 0 3 0 0 0 0 0 data 2 0x30002 0x9791 oops 0
ciMethodData java/lang/ThreadLocal$ThreadLocalMap set (Ljava/lang/ThreadLocal;Ljava/lang/Object;)V 2 6262 orig 264 8 206 54 4 0 0 0 0 152 215 129 23 0 0 0 0 0 3 0 0 0 0 0 0 0 0 0 0 0 0 0 0 0 0 0 0 0 0 0 0 0 0 0 0 0 0 0 0 0 0 0 0 0 0 0 0 0 0 0 0 0 0 0 0 0 0 0 0 0 0 0 0 0 0 0 0 0 0 0 0 77 68 79 32 101 120 116 114 97 32 100 97 116 97 32 108 111 99 107 0 0 0 0 0 0 0 0 0 0 0 0 0 0 0 0 0 0 0 0 0 0 0 0 0 0 0 0 0 0 0 0 0 0 0 0 0 0 0 0 0 0 0 0 0 0 0 0 0 0 0 0 0 0 0 0 0 0 0 0 0 0 0 0 0 0 0 0 0 0 0 0 0 0 0 0 0 0 0 0 0 0 0 0 0 25 0 0 0 0 0 0 0 0 0 0 0 0 0 0 0 0 0 0 0 0 0 0 0 0 0 0 0 0 0 0 0 8 0 0 0 113 195 0 0 89 10 0 0 0 0 0 0 0 0 0 0 2 0 0 0 1 0 22 0 2 0 0 0 168 1 0 0 255 255 255 255 2 0 10 0 0 0 0 0 data 53 0xa0002 0x186e 0x1c0007 0x248 0xf8 0x1771 0x210005 0x0 0x20a45ea0 0x1771 0x0 0x0 0x240004 0x0 0x1e1d9d20 0x16c6 0x1b730460 0x6 0x2c0007 0x14b 0x20 0x1626 0x380007 0x14b 0x30 0x0 0x400002 0x0 0x490002 0x14b 0x520003 0x14b 0xffffffffffffff20 0x5e0002 0x248 0x610004 0x0 0x20a45ea0 0x248 0x0 0x0 0x740002 0x248 0x770007 0x5 0x50 0x243 0x800007 0x23f 0x30 0x4 0x840002 0x4 oops 4 8 java/lang/ThreadLocal$ThreadLocalMap$Entry 14 java/lang/ThreadLocal 16 sun/nio/ch/Util$1 37 java/lang/ThreadLocal$ThreadLocalMap$Entry
ciMethod com/google/common/base/Preconditions checkArgument (ZLjava/lang/Object;)V 1537 1 15351 0 0
ciMethod org/gradle/util/GUtil isTrue (Ljava/lang/Object;)Z 841 1 6254 0 224
ciMethod org/gradle/internal/operations/BuildOperationListener started (Lorg/gradle/internal/operations/BuildOperationDescriptor;Lorg/gradle/internal/operations/OperationStartEvent;)V 0 0 1 0 -1
ciMethod org/gradle/internal/operations/BuildOperationListener progress (Lorg/gradle/internal/operations/OperationIdentifier;Lorg/gradle/internal/operations/OperationProgressEvent;)V 0 0 1 0 -1
ciMethod org/gradle/internal/logging/events/ProgressCompleteEvent getProgressOperationId ()Lorg/gradle/internal/operations/OperationIdentifier; 1025 1 128 0 -1
ciMethod org/gradle/internal/logging/events/ProgressEvent getProgressOperationId ()Lorg/gradle/internal/operations/OperationIdentifier; 0 0 1 0 -1
ciMethod org/slf4j/helpers/MessageFormatter getThrowableCandidate ([Ljava/lang/Object;)Ljava/lang/Throwable; 1985 1 3855 0 0
ciMethod org/slf4j/helpers/MessageFormatter arrayFormat (Ljava/lang/String;[Ljava/lang/Object;)Lorg/slf4j/helpers/FormattingTuple; 1985 1 3855 0 0
ciMethod org/slf4j/helpers/MessageFormatter trimmedCopy ([Ljava/lang/Object;)[Ljava/lang/Object; 0 0 1 0 -1
ciMethod org/slf4j/helpers/MessageFormatter arrayFormat (Ljava/lang/String;[Ljava/lang/Object;Ljava/lang/Throwable;)Lorg/slf4j/helpers/FormattingTuple; 1985 2385 3855 0 0
ciMethod org/slf4j/helpers/MessageFormatter isEscapedDelimeter (Ljava/lang/String;I)Z 2057 1 4755 0 0
ciMethod org/slf4j/helpers/MessageFormatter isDoubleEscaped (Ljava/lang/String;I)Z 0 0 1 0 -1
ciMethod org/slf4j/helpers/MessageFormatter deeplyAppendParameter (Ljava/lang/StringBuilder;Ljava/lang/Object;Ljava/util/Map;)V 2073 1 4755 0 0
ciMethod org/slf4j/helpers/MessageFormatter safeObjectAppend (Ljava/lang/StringBuilder;Ljava/lang/Object;)V 2065 1 4753 0 -1
ciMethod org/slf4j/helpers/MessageFormatter objectArrayAppend (Ljava/lang/StringBuilder;[Ljava/lang/Object;Ljava/util/Map;)V 0 0 1 0 -1
ciMethod org/slf4j/helpers/MessageFormatter booleanArrayAppend (Ljava/lang/StringBuilder;[Z)V 0 0 1 0 -1
ciMethod org/slf4j/helpers/MessageFormatter byteArrayAppend (Ljava/lang/StringBuilder;[B)V 0 0 1 0 -1
ciMethod org/slf4j/helpers/MessageFormatter charArrayAppend (Ljava/lang/StringBuilder;[C)V 0 0 1 0 -1
ciMethod org/slf4j/helpers/MessageFormatter shortArrayAppend (Ljava/lang/StringBuilder;[S)V 0 0 1 0 -1
ciMethod org/slf4j/helpers/MessageFormatter intArrayAppend (Ljava/lang/StringBuilder;[I)V 0 0 1 0 -1
ciMethod org/slf4j/helpers/MessageFormatter longArrayAppend (Ljava/lang/StringBuilder;[J)V 0 0 1 0 -1
ciMethod org/slf4j/helpers/MessageFormatter floatArrayAppend (Ljava/lang/StringBuilder;[F)V 0 0 1 0 -1
ciMethod org/slf4j/helpers/MessageFormatter doubleArrayAppend (Ljava/lang/StringBuilder;[D)V 0 0 1 0 -1
ciMethod org/slf4j/helpers/FormattingTuple <init> (Ljava/lang/String;)V 9 1 1 0 -1
ciMethod org/slf4j/helpers/FormattingTuple <init> (Ljava/lang/String;[Ljava/lang/Object;Ljava/lang/Throwable;)V 2049 1 3856 0 -1
ciMethod org/slf4j/helpers/FormattingTuple getMessage ()Ljava/lang/String; 1049 1 131 0 -1
ciMethod org/slf4j/helpers/FormattingTuple getThrowable ()Ljava/lang/Throwable; 1033 1 129 0 -1
ciMethod org/gradle/internal/operations/DefaultBuildOperationListenerManager access$000 (Lorg/gradle/internal/operations/DefaultBuildOperationListenerManager;)Ljava/util/List; 1169 1 146 0 0
ciMethod org/gradle/internal/operations/DefaultBuildOperationListenerManager$1 started (Lorg/gradle/internal/operations/BuildOperationDescriptor;Lorg/gradle/internal/operations/OperationStartEvent;)V 2553 16425 3072 0 1600
ciMethod org/gradle/internal/concurrent/GradleThread isManaged ()Z 9 1 3 0 0
ciMethodData java/lang/ref/WeakReference <init> (Ljava/lang/Object;)V 2 25052 orig 264 8 206 54 4 0 0 0 0 80 142 112 23 0 0 0 0 56 1 0 0 0 0 0 0 0 0 0 0 0 0 0 0 0 0 0 0 0 0 0 0 0 0 0 0 0 0 0 0 0 0 0 0 0 0 0 0 0 0 0 0 0 0 0 0 0 0 0 0 0 0 0 0 0 0 0 0 0 0 0 0 77 68 79 32 101 120 116 114 97 32 100 97 116 97 32 108 111 99 107 0 0 0 0 0 0 0 0 0 0 0 0 0 0 0 0 0 0 0 0 0 0 0 0 0 0 0 0 0 0 0 0 0 0 0 0 0 0 0 0 0 0 0 0 0 0 0 0 0 0 0 0 0 0 0 0 0 0 0 0 0 0 0 0 0 0 0 0 0 0 0 0 0 0 0 0 0 0 0 0 0 0 0 0 0 1 0 0 0 0 0 0 0 0 0 0 0 0 0 0 0 1 0 0 0 0 0 0 0 0 0 0 0 0 0 0 0 12 1 0 0 129 6 3 0 1 0 0 0 0 0 0 0 0 0 0 0 2 0 0 0 0 0 7 0 2 0 0 0 16 0 0 0 255 255 255 255 2 0 2 0 0 0 0 0 data 2 0x20002 0x60d3 oops 0
ciMethodData java/lang/AbstractStringBuilder append (Ljava/lang/CharSequence;II)Ljava/lang/AbstractStringBuilder; 2 24788 orig 264 8 206 54 4 0 0 0 0 0 99 117 23 0 0 0 0 40 4 0 0 80 2 0 0 0 0 0 0 0 0 0 0 0 0 0 0 0 0 0 0 0 0 0 0 0 0 0 0 0 0 0 0 0 0 0 0 0 0 0 0 0 0 0 0 0 0 0 0 0 0 0 0 0 0 0 0 0 0 0 0 77 68 79 32 101 120 116 114 97 32 100 97 116 97 32 108 111 99 107 0 0 0 0 0 0 0 0 0 0 0 0 0 0 0 0 0 0 0 0 0 0 0 0 0 0 0 0 0 0 0 0 0 0 0 0 0 0 0 0 0 0 0 0 0 0 0 0 0 0 0 0 0 0 0 0 0 0 0 0 0 0 0 0 0 0 0 0 0 0 0 0 0 0 0 0 0 0 0 0 0 0 0 0 0 25 0 0 0 0 0 0 0 0 0 0 0 0 0 0 0 1 0 0 0 0 0 0 0 1 0 0 0 0 0 0 0 253 6 0 0 89 33 0 0 185 206 2 0 0 0 0 0 0 0 0 0 2 0 0 0 1 0 25 0 2 0 0 0 200 2 0 0 255 255 255 255 7 0 1 0 0 0 0 0 data 89 0x10007 0x42b 0x20 0x0 0x80007 0x0 0x90 0x42b 0xd0007 0x0 0x70 0x42b 0x120005 0x0 0x46e6650 0x42b 0x0 0x0 0x170007 0x42b 0x1c0 0x0 0x220002 0x0 0x270005 0x0 0x0 0x0 0x0 0x0 0x2b0005 0x0 0x0 0x0 0x0 0x0 0x300005 0x0 0x0 0x0 0x0 0x0 0x340005 0x0 0x0 0x0 0x0 0x0 0x390005 0x0 0x0 0x0 0x0 0x0 0x3d0005 0x0 0x0 0x0 0x0 0x0 0x420005 0x0 0x0 0x0 0x0 0x0 0x450005 0x0 0x0 0x0 0x0 0x0 0x480002 0x0 0x590002 0x42b 0x680007 0x42b 0x68 0x59d7 0x740005 0x0 0x46e6650 0x59d7 0x0 0x0 0x800003 0x59d7 0xffffffffffffffb0 oops 2 14 java/lang/String 82 java/lang/String
ciMethodData java/util/concurrent/atomic/AtomicLong get ()J 2 22534 orig 264 8 206 54 4 0 0 0 0 80 136 133 23 0 0 0 0 32 1 0 0 0 0 0 0 0 0 0 0 0 0 0 0 0 0 0 0 0 0 0 0 0 0 0 0 0 0 0 0 0 0 0 0 0 0 0 0 0 0 0 0 0 0 0 0 0 0 0 0 0 0 0 0 0 0 0 0 0 0 0 0 77 68 79 32 101 120 116 114 97 32 100 97 116 97 32 108 111 99 107 0 0 0 0 0 0 0 0 0 0 0 0 0 0 0 0 0 0 0 0 0 0 0 0 0 0 0 0 0 0 0 0 0 0 0 0 0 0 0 0 0 0 0 0 0 0 0 0 0 0 0 0 0 0 0 0 0 0 0 0 0 0 0 0 0 0 0 0 0 0 0 0 0 0 0 0 0 0 0 0 0 0 0 0 0 0 0 0 0 0 0 0 0 0 0 0 0 0 0 0 0 0 0 0 0 0 0 0 0 0 0 0 0 0 0 0 0 1 1 0 0 41 184 2 0 1 0 0 0 0 0 0 0 0 0 0 0 2 0 0 0 0 0 3 0 1 0 0 0 0 0 0 0 255 255 255 255 0 0 0 0 0 0 0 0 data 0 oops 0
ciMethod java/util/concurrent/atomic/AtomicBoolean <init> ()V 2113 1 5514 0 0
ciMethod java/util/concurrent/atomic/AtomicBoolean get ()Z 3073 1 7622 0 0
ciMethod java/util/concurrent/atomic/AtomicBoolean set (Z)V 3073 1 10767 0 0
ciMethodData java/lang/Enum compareTo (Ljava/lang/Enum;)I 2 6438 orig 264 8 206 54 4 0 0 0 0 104 212 134 23 0 0 0 0 96 2 0 0 0 0 0 0 0 0 0 0 0 0 0 0 0 0 0 0 0 0 0 0 0 0 0 0 0 0 0 0 0 0 0 0 0 0 0 0 0 0 0 0 0 0 0 0 0 0 0 0 0 0 0 0 0 0 0 0 0 0 0 0 77 68 79 32 101 120 116 114 97 32 100 97 116 97 32 108 111 99 107 0 0 0 0 0 0 0 0 0 0 0 0 0 0 0 0 0 0 0 0 0 0 0 0 0 0 0 0 0 0 0 0 0 0 0 0 0 0 0 0 0 0 0 0 0 0 0 0 0 0 0 0 0 0 0 0 0 0 0 0 0 0 0 0 0 0 0 0 0 0 0 0 0 0 0 0 0 0 0 0 0 0 0 0 0 25 0 0 0 0 0 0 0 0 0 0 0 0 0 0 0 3 0 0 0 0 0 0 0 0 0 0 0 0 0 0 0 0 1 0 0 49 193 0 0 1 0 0 0 0 0 0 0 0 0 0 0 2 0 0 0 0 0 16 0 2 0 0 0 16 1 0 0 255 255 255 255 5 0 5 0 0 0 0 0 data 34 0x50005 0x14 0x20e4d5d0 0x180c 0x1d50e7f0 0x6 0x90005 0x14 0x20e4d5d0 0x180c 0x1d50e7f0 0x6 0xc0007 0x1826 0xb0 0x0 0x100005 0x0 0x0 0x0 0x0 0x0 0x140005 0x0 0x0 0x0 0x0 0x0 0x170007 0x0 0x30 0x0 0x1e0002 0x0 oops 4 2 org/gradle/api/logging/LogLevel 4 org/gradle/model/internal/core/ModelNode$State 8 org/gradle/api/logging/LogLevel 10 org/gradle/model/internal/core/ModelNode$State
ciMethod org/gradle/internal/operations/DefaultBuildOperationIdFactory nextId ()J 2033 1 5374 0 0
ciMethod org/gradle/internal/logging/progress/DefaultProgressLoggerFactory newOperation (Ljava/lang/Class;Lorg/gradle/internal/operations/BuildOperationDescriptor;)Lorg/gradle/internal/logging/progress/ProgressLogger; 3201 1 5377 0 0
ciMethod org/gradle/internal/logging/progress/DefaultProgressLoggerFactory access$100 (Lorg/gradle/internal/logging/progress/DefaultProgressLoggerFactory;)Ljava/lang/ThreadLocal; 1161 1 145 0 0
ciMethod org/gradle/internal/logging/progress/ProgressLogger start (Ljava/lang/String;Ljava/lang/String;)Lorg/gradle/internal/logging/progress/ProgressLogger; 0 0 1 0 -1
ciMethod org/gradle/internal/logging/services/ProgressLoggingBridge started (Lorg/gradle/internal/logging/events/ProgressStartEvent;)V 4097 1 5377 0 0
ciMethod org/gradle/internal/operations/logging/LoggingBuildOperationProgressBroadcaster onOutput (Lorg/gradle/internal/logging/events/OutputEvent;)V 4097 1 5669 0 224
ciMethod org/gradle/internal/operations/logging/LoggingBuildOperationProgressBroadcaster emit (Lorg/gradle/internal/logging/events/CategorisedOutputEvent;Lorg/gradle/internal/operations/OperationIdentifier;)V 1 1 715 0 0
ciMethod org/gradle/internal/operations/DefaultBuildOperationListenerManager$ProgressShieldingBuildOperationListener started (Lorg/gradle/internal/operations/BuildOperationDescriptor;Lorg/gradle/internal/operations/OperationStartEvent;)V 2049 1 6428 0 288
ciMethodData org/slf4j/helpers/MessageFormatter deeplyAppendParameter (Ljava/lang/StringBuilder;Ljava/lang/Object;Ljava/util/Map;)V 0 0 orig 264 8 206 54 4 0 0 0 0 112 187 218 23 0 0 0 0 128 9 0 0 160 7 0 0 0 0 0 0 0 0 0 0 0 0 0 0 0 0 0 0 0 0 0 0 0 0 0 0 0 0 0 0 0 0 0 0 0 0 0 0 0 0 0 0 0 0 0 0 0 0 0 0 0 0 0 0 0 0 0 0 77 68 79 32 101 120 116 114 97 32 100 97 116 97 32 108 111 99 107 0 0 0 0 0 0 0 0 0 0 0 0 0 0 0 0 0 0 0 0 0 0 0 0 0 0 0 0 0 0 0 0 0 0 0 0 0 0 0 0 0 0 0 0 0 0 0 0 0 0 0 0 0 0 0 0 0 0 0 0 0 0 0 0 0 0 0 0 0 0 0 0 0 0 0 0 0 0 0 0 0 0 0 0 0 0 0 0 0 0 0 0 0 0 0 0 0 0 0 0 0 0 0 0 0 0 0 0 0 0 0 0 0 0 0 0 0 3 1 0 0 129 140 0 0 1 0 0 0 0 0 0 0 0 0 0 0 2 0 0 0 0 0 24 0 2 0 0 0 40 8 0 0 255 255 255 255 7 0 1 0 0 0 0 0 data 261 0x10007 0x118f 0x50 0x1 0x70005 0x0 0x18085400 0x1 0x0 0x0 0xd0005 0x26a 0x46e6650 0xcfc 0x1d515180 0x229 0x100005 0x3 0x46e66e0 0x118c 0x20 0x0 0x130007 0x0 0x48 0x118f 0x180002 0x118f 0x1b0003 0x118f 0x748 0x1f0004 0x0 0x0 0x0 0x0 0x0 0x220007 0x0 0xa8 0x0 0x270004 0x0 0x0 0x0 0x0 0x0 0x2a0004 0x0 0x0 0x0 0x0 0x0 0x2d0002 0x0 0x300003 0x0 0x670 0x340004 0x0 0x0 0x0 0x0 0x0 0x370007 0x0 0xa8 0x0 0x3c0004 0x0 0x0 0x0 0x0 0x0 0x3f0004 0x0 0x0 0x0 0x0 0x0 0x420002 0x0 0x450003 0x0 0x598 0x490004 0x0 0x0 0x0 0x0 0x0 0x4c0007 0x0 0xa8 0x0 0x510004 0x0 0x0 0x0 0x0 0x0 0x540004 0x0 0x0 0x0 0x0 0x0 0x570002 0x0 0x5a0003 0x0 0x4c0 0x5e0004 0x0 0x0 0x0 0x0 0x0 0x610007 0x0 0xa8 0x0 0x660004 0x0 0x0 0x0 0x0 0x0 0x690004 0x0 0x0 0x0 0x0 0x0 0x6c0002 0x0 0x6f0003 0x0 0x3e8 0x730004 0x0 0x0 0x0 0x0 0x0 0x760007 0x0 0xa8 0x0 0x7b0004 0x0 0x0 0x0 0x0 0x0 0x7e0004 0x0 0x0 0x0 0x0 0x0 0x810002 0x0 0x840003 0x0 0x310 0x880004 0x0 0x0 0x0 0x0 0x0 0x8b0007 0x0 0xa8 0x0 0x900004 0x0 0x0 0x0 0x0 0x0 0x930004 0x0 0x0 0x0 0x0 0x0 0x960002 0x0 0x990003 0x0 0x238 0x9d0004 0x0 0x0 0x0 0x0 0x0 0xa00007 0x0 0xa8 0x0 0xa50004 0x0 0x0 0x0 0x0 0x0 0xa80004 0x0 0x0 0x0 0x0 0x0 0xab0002 0x0 0xae0003 0x0 0x160 0xb20004 0x0 0x0 0x0 0x0 0x0 0xb50007 0x0 0xa8 0x0 0xba0004 0x0 0x0 0x0 0x0 0x0 0xbd0004 0x0 0x0 0x0 0x0 0x0 0xc00002 0x0 0xc30003 0x0 0x88 0xc80004 0x0 0x0 0x0 0x0 0x0 0xcb0004 0x0 0x0 0x0 0x0 0x0 0xcf0002 0x0 oops 5 6 java/lang/StringBuilder 12 java/lang/String 14 org/gradle/process/internal/health/memory/OsMemoryStatusSnapshot 18 java/lang/Class